links_v based on links

View dropped.


View created.


  COUNT(*)
----------
        22


View dropped.


View created.


  COUNT(*)
----------
        22

Network detail

Network     #Links  #Nodes Node              Link        Lev
---------- ------- ------- ----------------- ---------- ----
N1-1             2       3 N1-1              ROOT_1        0
                           > N2-1            L12-1         1
                             > N3-1          L23-1         2
N1-2             3       4 N1-2              ROOT_2        0
                           > N2-2            L12-2         1
                             > N3-2          L23-2         2
                             > N4-2          L24-2         2
N1-3             2       2 N1-3              ROOT_3        0
                           > N2-3            L12-3         1
                             > N1-3*         L21-3         2
N1-4             3       3 N1-4              ROOT_4        0
                           > N2-4            L12-4         1
                             > N3-4          L23-4         2
                               < N1-4*       L13-4         3
N1-5             2       2 N1-5              ROOT_5        0
                           > N2-5            L12-5         1
                             = N2-5*         L22-5         2
N1-6            10       8 N1-6              ROOT_6        0
                           > N2-6            L12-6         1
                             = N2-6*         L22-6         2
                             > N3-6          L23-6         2
                               > N4-6        L34-6         3
                                 > N6-6      L46-6         4
                                   > N4-6*   L64-6         5
                               > N5-6        L35-6         3
                                 > N7-6      L57-6         4
                                   > N8-6    L78-6         5
                                     < N5-6* L58-6         6

28 rows selected.

Elapsed: 00:00:00.12
Network summary

Network     #Links  #Nodes  Max Lev
---------- ------- ------- --------
N1-1             3       3        2
N1-3             3       2        2
N1-5             3       2        2
N1-4             4       3        3
N1-2             4       4        2
N1-6            11       8        6

6 rows selected.

Elapsed: 00:00:00.02
One tree by RSF

Node              Link
----------------- ----------
N1-1              ROOT_1
> N2-1            L12-1
 >  N3-1          L23-1
N1-2              ROOT_2
> N2-2            L12-2
 >  N3-2          L23-2
 >  N4-2          L24-2
N1-3              ROOT_3
< N2-3            L21-3
 <  N1-3*         L12-3
> N2-3            L12-3
 >  N1-3*         L21-3
N1-4              ROOT_4
> N2-4            L12-4
 >  N3-4          L23-4
   <  N1-4*       L13-4
> N3-4            L13-4
 <  N2-4          L23-4
   <  N1-4*       L12-4
N1-5              ROOT_5
> N2-5            L12-5
 =  N2-5*         L22-5
N1-6              ROOT_6
> N2-6            L12-6
 =  N2-6*         L22-6
 >  N3-6          L23-6
   >  N4-6        L34-6
     <  N6-6      L64-6
       <  N4-6*   L46-6
     >  N6-6      L46-6
       >  N4-6*   L64-6
   >  N5-6        L35-6
     >  N7-6      L57-6
       >  N8-6    L78-6
         <  N5-6* L58-6
     >  N8-6      L58-6
       <  N7-6    L78-6
         <  N5-6* L57-6

38 rows selected.

Elapsed: 00:00:00.09
One tree by RSF filtered

Node              Link       LINK_COUNT
----------------- ---------- ----------
N1-1              ROOT_1              1
> N2-1            L12-1               1
  > N3-1          L23-1               1
N1-2              ROOT_2              1
> N2-2            L12-2               1
  > N3-2          L23-2               1
  > N4-2          L24-2               1
N1-3              ROOT_3              1
< N2-3            L21-3               2
  < N1-3*         L12-3               2
N1-4              ROOT_4              1
> N2-4            L12-4               2
  > N3-4          L23-4               2
    < N1-4*       L13-4               2
N1-5              ROOT_5              1
> N2-5            L12-5               1
  = N2-5*         L22-5               1
N1-6              ROOT_6              1
> N2-6            L12-6               1
  = N2-6*         L22-6               1
  > N3-6          L23-6               1
    > N4-6        L34-6               1
      < N6-6      L64-6               2
        < N4-6*   L46-6               2
    > N5-6        L35-6               1
      > N7-6      L57-6               2
        > N8-6    L78-6               2
          < N5-6* L58-6               2

28 rows selected.

Elapsed: 00:00:00.07
One tree by Connect By

Nodes           Link Path
--------------- --------------------
N1-1 > N2-1     L12-1*
N2-1 > N3-1       L23-1*
N1-2 > N2-2     L12-2*
N2-2 > N3-2       L23-2*
N2-2 > N4-2         L24-2*
N2-2 > N4-2       L24-2*
N2-2 > N3-2         L23-2*
N1-3 > N2-3     L12-3*
N2-3 > N1-3       L21-3*
N1-4 > N2-4     L12-4*
N2-4 > N3-4       L23-4*
N1-4 > N3-4         L13-4*
N1-4 > N3-4       L13-4*
N2-4 > N3-4         L23-4*
N1-5 > N2-5     L12-5*
N2-5 > N2-5       L22-5*
N1-6 > N2-6     L12-6*
N2-6 > N2-6       L22-6*
N2-6 > N3-6         L23-6*
N3-6 > N4-6           L34-6*
N6-6 > N4-6             L64-6*
N4-6 > N6-6               L46-6*
N3-6 > N5-6             L35-6*
N5-6 > N7-6               L57-6*
N5-6 > N8-6                 L58-6*
N7-6 > N8-6                   L78-6*
N7-6 > N8-6                 L78-6*
N5-6 > N8-6                   L58-6*
N5-6 > N8-6               L58-6*
N5-6 > N7-6                 L57-6*
N7-6 > N8-6                   L78-6*
N7-6 > N8-6                 L78-6*
N5-6 > N7-6                   L57-6*
N4-6 > N6-6             L46-6*
N6-6 > N4-6               L64-6*
N3-6 > N5-6           L35-6*
N3-6 > N4-6             L34-6*
N6-6 > N4-6               L64-6*
N4-6 > N6-6                 L46-6*
N4-6 > N6-6               L46-6*
N6-6 > N4-6                 L64-6*
N5-6 > N7-6             L57-6*
N5-6 > N8-6               L58-6*
N7-6 > N8-6                 L78-6*
N7-6 > N8-6               L78-6*
N5-6 > N8-6                 L58-6*
N5-6 > N8-6             L58-6*
N5-6 > N7-6               L57-6*
N7-6 > N8-6                 L78-6*
N7-6 > N8-6               L78-6*
N5-6 > N7-6                 L57-6*
N2-6 > N3-6       L23-6*
N2-6 > N2-6         L22-6*
N3-6 > N4-6         L34-6*
N6-6 > N4-6           L64-6*
N4-6 > N6-6             L46-6*
N3-6 > N5-6           L35-6*
N5-6 > N7-6             L57-6*
N5-6 > N8-6               L58-6*
N7-6 > N8-6                 L78-6*
N7-6 > N8-6               L78-6*
N5-6 > N8-6                 L58-6*
N5-6 > N8-6             L58-6*
N5-6 > N7-6               L57-6*
N7-6 > N8-6                 L78-6*
N7-6 > N8-6               L78-6*
N5-6 > N7-6                 L57-6*
N4-6 > N6-6           L46-6*
N6-6 > N4-6             L64-6*
N3-6 > N5-6         L35-6*
N3-6 > N4-6           L34-6*
N6-6 > N4-6             L64-6*
N4-6 > N6-6               L46-6*
N4-6 > N6-6             L46-6*
N6-6 > N4-6               L64-6*
N5-6 > N7-6           L57-6*
N5-6 > N8-6             L58-6*
N7-6 > N8-6               L78-6*
N7-6 > N8-6             L78-6*
N5-6 > N8-6               L58-6*
N5-6 > N8-6           L58-6*
N5-6 > N7-6             L57-6*
N7-6 > N8-6               L78-6*
N7-6 > N8-6             L78-6*
N5-6 > N7-6               L57-6*

85 rows selected.

Elapsed: 00:00:00.20
One tree by Connect By filtered

Nodes           Link Path            LINK_COUNT
--------------- -------------------- ----------
N1-1 > N2-1     L12-1*                        1
N2-1 > N3-1       L23-1*                      1
N1-2 > N2-2     L12-2*                        1
N2-2 > N3-2       L23-2*                      2
N2-2 > N4-2         L24-2*                    2
N1-3 > N2-3     L12-3*                        1
N2-3 > N1-3       L21-3*                      1
N1-4 > N2-4     L12-4*                        1
N2-4 > N3-4       L23-4*                      2
N1-4 > N3-4         L13-4*                    2
N1-5 > N2-5     L12-5*                        1
N2-5 > N2-5       L22-5*                      1
N1-6 > N2-6     L12-6*                        1
N2-6 > N2-6       L22-6*                      2
N2-6 > N3-6         L23-6*                    2
N3-6 > N4-6           L34-6*                  4
N6-6 > N4-6             L64-6*                8
N4-6 > N6-6               L46-6*              8
N3-6 > N5-6             L35-6*                4
N5-6 > N7-6               L57-6*             12
N5-6 > N8-6                 L58-6*           12
N7-6 > N8-6                   L78-6*         16

22 rows selected.

Elapsed: 00:00:00.06
